<?xml version="1.0" encoding="utf-8"?>
<TestRun id="6ac90e5f-959b-416d-a581-0a17dc96f94b" name="voloa@MSI 2026-07-04 16:33:04" runUser="MSI\voloa" xmlns="http://microsoft.com/schemas/VisualStudio/TeamTest/2010">
  <Times creation="2026-07-04T16:33:04.7178637+07:00" queuing="2026-07-04T16:33:04.7178646+07:00" start="2026-07-04T16:33:02.2852050+07:00" finish="2026-07-04T16:33:13.0149127+07:00" />
  <TestSettings name="default" id="06ff7382-39b3-4bdb-abf5-84f4054df521">
    <Deployment runDeploymentRoot="voloa_MSI_2026-07-04_16_33_04" />
  </TestSettings>
  <Results>
    <UnitTestResult executionId="115672c4-7320-4ada-b03f-127049586627" testId="fe3d53ae-e72d-e1ea-6ffd-31efbe52d247" testName="SalesService.Tests.ContractsControllerTests.CreateContract_InvalidModelState_ReturnsBadRequest" computerName="MSI" duration="00:00:00.4658959" startTime="2026-07-04T16:33:04.3549611+07:00" endTime="2026-07-04T16:33:04.3549612+07:00" testType="13cdc9d9-ddb5-4fa4-a97d-d965ccfc6d4b" outcome="Passed" testListId="8c84fa94-04c1-424b-9868-57a2d4851a1d" relativeResultsDirectory="115672c4-7320-4ada-b03f-127049586627" />
    <UnitTestResult executionId="9fe730a4-35ff-4fea-86c7-0aa255f9ba02" testId="b23fe4a5-4c45-bc22-616f-40597d70ea76" testName="SalesService.Tests.OrdersControllerTests.CompleteOrder_MissingEmail_ReturnsBadRequest" computerName="MSI" duration="00:00:00.0006817" startTime="2026-07-04T16:33:08.6037318+07:00" endTime="2026-07-04T16:33:08.6037319+07:00" testType="13cdc9d9-ddb5-4fa4-a97d-d965ccfc6d4b" outcome="Passed" testListId="8c84fa94-04c1-424b-9868-57a2d4851a1d" relativeResultsDirectory="9fe730a4-35ff-4fea-86c7-0aa255f9ba02" />
    <UnitTestResult executionId="9ba153cd-ba9e-45d4-9c2b-8ec3960a14bb" testId="23723a29-8504-255f-6aa5-9e6e52e241ca" testName="SalesService.Tests.ContractsControllerTests.CreateContract_ContractAlreadyExists_ReturnsBadRequest" computerName="MSI" duration="00:00:00.0082712" startTime="2026-07-04T16:33:04.6834394+07:00" endTime="2026-07-04T16:33:04.6834395+07:00" testType="13cdc9d9-ddb5-4fa4-a97d-d965ccfc6d4b" outcome="Passed" testListId="8c84fa94-04c1-424b-9868-57a2d4851a1d" relativeResultsDirectory="9ba153cd-ba9e-45d4-9c2b-8ec3960a14bb" />
    <UnitTestResult executionId="7d9e7d3a-f6b3-4696-b4bf-f6fa05b9dc9d" testId="95366a2d-900d-8601-dc83-c3a33190134a" testName="SalesService.Tests.ContractsControllerTests.UpdateContractStatus_OtherStatus_UpdatesBoth_ReturnsOk" computerName="MSI" duration="00:00:00.0073321" startTime="2026-07-04T16:33:04.6828864+07:00" endTime="2026-07-04T16:33:04.6828867+07:00" testType="13cdc9d9-ddb5-4fa4-a97d-d965ccfc6d4b" outcome="Passed" testListId="8c84fa94-04c1-424b-9868-57a2d4851a1d" relativeResultsDirectory="7d9e7d3a-f6b3-4696-b4bf-f6fa05b9dc9d" />
    <UnitTestResult executionId="24e6b98d-c998-4506-a045-145c918ab5f2" testId="0e11e80c-51de-79f3-c855-f9c1107898e0" testName="SalesService.Tests.OrdersControllerTests.CompleteOrder_MissingName_ReturnsBadRequest" computerName="MSI" duration="00:00:00.4659438" startTime="2026-07-04T16:33:04.3543807+07:00" endTime="2026-07-04T16:33:04.3543809+07:00" testType="13cdc9d9-ddb5-4fa4-a97d-d965ccfc6d4b" outcome="Passed" testListId="8c84fa94-04c1-424b-9868-57a2d4851a1d" relativeResultsDirectory="24e6b98d-c998-4506-a045-145c918ab5f2" />
    <UnitTestResult executionId="4c481ec8-454d-42ed-a87e-14cceae951a2" testId="1dab0b62-ee6d-827b-f3f4-dbcdac16c36d" testName="SalesService.Tests.QuotesControllerTests.CreateQuote_DatabaseException_Returns500" computerName="MSI" duration="00:00:00.0036941" startTime="2026-07-04T16:33:04.4623050+07:00" endTime="2026-07-04T16:33:04.4623052+07:00" testType="13cdc9d9-ddb5-4fa4-a97d-d965ccfc6d4b" outcome="Passed" testListId="8c84fa94-04c1-424b-9868-57a2d4851a1d" relativeResultsDirectory="4c481ec8-454d-42ed-a87e-14cceae951a2" />
    <UnitTestResult executionId="b38f3a51-06a3-42c5-afe5-047e7b7db1a8" testId="4bf99022-3e59-bab7-f989-518d552c5188" testName="SalesService.Tests.OrdersControllerTests.UpdateOrderStatus_OrderNotFound_ReturnsNotFound" computerName="MSI" duration="00:00:00.0060818" startTime="2026-07-04T16:33:08.6029476+07:00" endTime="2026-07-04T16:33:08.6029477+07:00" testType="13cdc9d9-ddb5-4fa4-a97d-d965ccfc6d4b" outcome="Passed" testListId="8c84fa94-04c1-424b-9868-57a2d4851a1d" relativeResultsDirectory="b38f3a51-06a3-42c5-afe5-047e7b7db1a8" />
    <UnitTestResult executionId="37cdc09a-9376-48e4-87c8-8779d68f3c16" testId="c2d634cb-7c92-8403-a6cb-f05a7f52e4fa" testName="SalesService.Tests.ContractsControllerTests.CreateContract_InvalidSalespersonId_ReturnsBadRequest" computerName="MSI" duration="00:00:00.0027613" startTime="2026-07-04T16:33:04.6843217+07:00" endTime="2026-07-04T16:33:04.6843218+07:00" testType="13cdc9d9-ddb5-4fa4-a97d-d965ccfc6d4b" outcome="Passed" testListId="8c84fa94-04c1-424b-9868-57a2d4851a1d" relativeResultsDirectory="37cdc09a-9376-48e4-87c8-8779d68f3c16" />
    <UnitTestResult executionId="a15f809d-ecd8-4680-b2ce-0c9bc922031e" testId="0bfec96d-8210-8239-125b-77df18e1068e" testName="SalesService.Tests.ContractsControllerTests.CreateContract_OrderNotFound_ReturnsNotFound" computerName="MSI" duration="00:00:00.0014738" startTime="2026-07-04T16:33:04.6838619+07:00" endTime="2026-07-04T16:33:04.6838621+07:00" testType="13cdc9d9-ddb5-4fa4-a97d-d965ccfc6d4b" outcome="Passed" testListId="8c84fa94-04c1-424b-9868-57a2d4851a1d" relativeResultsDirectory="a15f809d-ecd8-4680-b2ce-0c9bc922031e" />
    <UnitTestResult executionId="f475c3c6-8d79-40ec-b61b-9c66a1525a2b" testId="6d5f5e56-4c32-56a0-d759-e5d661036fe4" testName="SalesService.Tests.ContractsControllerTests.UpdateContractStatus_Rejected_RemovesContractAndOrder_ReturnsOk" computerName="MSI" duration="00:00:00.3015339" startTime="2026-07-04T16:33:04.6559319+07:00" endTime="2026-07-04T16:33:04.6559322+07:00" testType="13cdc9d9-ddb5-4fa4-a97d-d965ccfc6d4b" outcome="Passed" testListId="8c84fa94-04c1-424b-9868-57a2d4851a1d" relativeResultsDirectory="f475c3c6-8d79-40ec-b61b-9c66a1525a2b" />
    <UnitTestResult executionId="124a6caf-8dd7-43ad-a331-b7a2195cd7e6" testId="71ebaacd-106f-69de-cecb-fad6b25ebca1" testName="SalesService.Tests.ContractsControllerTests.CreateContract_ValidRequest_DepositTrue_ReturnsCreated" computerName="MSI" duration="00:00:00.0054230" startTime="2026-07-04T16:33:04.6847496+07:00" endTime="2026-07-04T16:33:04.6847498+07:00" testType="13cdc9d9-ddb5-4fa4-a97d-d965ccfc6d4b" outcome="Passed" testListId="8c84fa94-04c1-424b-9868-57a2d4851a1d" relativeResultsDirectory="124a6caf-8dd7-43ad-a331-b7a2195cd7e6" />
    <UnitTestResult executionId="a6e2980d-5deb-458b-b541-79200f6a181c" testId="9a8d5f6e-6466-d6e1-bdaf-bef54e0dae2d" testName="SalesService.Tests.OrdersControllerTests.CompleteOrder_TotalPriceZero_ReturnsBadRequest" computerName="MSI" duration="00:00:00.0350874" startTime="2026-07-04T16:33:04.3895030+07:00" endTime="2026-07-04T16:33:04.3895033+07:00" testType="13cdc9d9-ddb5-4fa4-a97d-d965ccfc6d4b" outcome="Passed" testListId="8c84fa94-04c1-424b-9868-57a2d4851a1d" relativeResultsDirectory="a6e2980d-5deb-458b-b541-79200f6a181c" />
    <UnitTestResult executionId="80ff464d-db25-46e7-8ee3-3380b6a987b9" testId="e7542e75-80a2-60ec-b3b5-561bf086a17e" testName="SalesService.Tests.ContractsControllerTests.UpdateContractStatus_ContractNotFound_ReturnsNotFound" computerName="MSI" duration="00:00:00.0017484" startTime="2026-07-04T16:33:04.6851535+07:00" endTime="2026-07-04T16:33:04.6851537+07:00" testType="13cdc9d9-ddb5-4fa4-a97d-d965ccfc6d4b" outcome="Passed" testListId="8c84fa94-04c1-424b-9868-57a2d4851a1d" relativeResultsDirectory="80ff464d-db25-46e7-8ee3-3380b6a987b9" />
    <UnitTestResult executionId="61a5b749-93fd-4aa8-baf8-09817d55b72f" testId="4e6d4a9b-1caf-f3fa-acfa-01d1487a0831" testName="SalesService.Tests.UnitTest1.Test1" computerName="MSI" duration="00:00:00.0021415" startTime="2026-07-04T16:33:03.9009655+07:00" endTime="2026-07-04T16:33:03.9009863+07:00" testType="13cdc9d9-ddb5-4fa4-a97d-d965ccfc6d4b" outcome="Passed" testListId="8c84fa94-04c1-424b-9868-57a2d4851a1d" relativeResultsDirectory="61a5b749-93fd-4aa8-baf8-09817d55b72f" />
    <UnitTestResult executionId="66d55b08-d938-46af-b124-e42c4ad6b360" testId="6470fdd6-3b29-2605-288d-d98543cdc620" testName="SalesService.Tests.OrdersControllerTests.CompleteOrder_ValidRequest_DiscountAmount_ReturnsOk" computerName="MSI" duration="00:00:04.2010300" startTime="2026-07-04T16:33:08.5931390+07:00" endTime="2026-07-04T16:33:08.5931393+07:00" testType="13cdc9d9-ddb5-4fa4-a97d-d965ccfc6d4b" outcome="Passed" testListId="8c84fa94-04c1-424b-9868-57a2d4851a1d" relativeResultsDirectory="66d55b08-d938-46af-b124-e42c4ad6b360" />
    <UnitTestResult executionId="ea04981a-84dd-4edb-9285-7b67d748895b" testId="be31442b-08e0-f58e-e75b-fdae2ce27f37" testName="SalesService.Tests.OrdersControllerTests.CompleteOrder_ValidRequest_DiscountPercent_UpdatesQuote_ReturnsOk" computerName="MSI" duration="00:00:04.0894708" startTime="2026-07-04T16:33:12.6933927+07:00" endTime="2026-07-04T16:33:12.6933929+07:00" testType="13cdc9d9-ddb5-4fa4-a97d-d965ccfc6d4b" outcome="Passed" testListId="8c84fa94-04c1-424b-9868-57a2d4851a1d" relativeResultsDirectory="ea04981a-84dd-4edb-9285-7b67d748895b" />
    <UnitTestResult executionId="a3b0551b-9001-4e49-8007-55af2c8ce64a" testId="b27cca86-2b97-6655-4466-e3d07230040f" testName="SalesService.Tests.OrdersControllerTests.UpdateOrderStatus_ValidId_UpdatesStatus_ReturnsOk" computerName="MSI" duration="00:00:00.0025706" startTime="2026-07-04T16:33:08.5967986+07:00" endTime="2026-07-04T16:33:08.5967987+07:00" testType="13cdc9d9-ddb5-4fa4-a97d-d965ccfc6d4b" outcome="Passed" testListId="8c84fa94-04c1-424b-9868-57a2d4851a1d" relativeResultsDirectory="a3b0551b-9001-4e49-8007-55af2c8ce64a" />
    <UnitTestResult executionId="d3d7f61c-bbcc-455c-9f76-b79385f7b908" testId="3495f506-7638-730f-3215-c7b3a015d33a" testName="SalesService.Tests.QuotesControllerTests.CreateQuote_InvalidModelState_ReturnsBadRequest" computerName="MSI" duration="00:00:00.0009597" startTime="2026-07-04T16:33:04.4633402+07:00" endTime="2026-07-04T16:33:04.4633404+07:00" testType="13cdc9d9-ddb5-4fa4-a97d-d965ccfc6d4b" outcome="Passed" testListId="8c84fa94-04c1-424b-9868-57a2d4851a1d" relativeResultsDirectory="d3d7f61c-bbcc-455c-9f76-b79385f7b908" />
    <UnitTestResult executionId="ebf26eab-f1d6-49bc-888a-16b50fc83d03" testId="6b028799-ed5f-5180-7042-7e6a381612d1" testName="SalesService.Tests.ContractsControllerTests.UpdateContractStatus_Approved_SetsOrderReadyForDelivery_ReturnsOk" computerName="MSI" duration="00:00:00.0034239" startTime="2026-07-04T16:33:04.6871899+07:00" endTime="2026-07-04T16:33:04.6871909+07:00" testType="13cdc9d9-ddb5-4fa4-a97d-d965ccfc6d4b" outcome="Passed" testListId="8c84fa94-04c1-424b-9868-57a2d4851a1d" relativeResultsDirectory="ebf26eab-f1d6-49bc-888a-16b50fc83d03" />
    <UnitTestResult executionId="9a3b58b4-869a-4081-9de0-a0da12f35344" testId="80e1e150-4ce4-b83d-04f3-f5a63c2e72f2" testName="SalesService.Tests.QuotesControllerTests.CreateQuote_ValidDto_ReturnsCreated" computerName="MSI" duration="00:00:00.5702487" startTime="2026-07-04T16:33:04.4585646+07:00" endTime="2026-07-04T16:33:04.4585648+07:00" testType="13cdc9d9-ddb5-4fa4-a97d-d965ccfc6d4b" outcome="Passed" testListId="8c84fa94-04c1-424b-9868-57a2d4851a1d" relativeResultsDirectory="9a3b58b4-869a-4081-9de0-a0da12f35344" />
  </Results>
  <TestDefinitions>
    <UnitTest name="SalesService.Tests.ContractsControllerTests.CreateContract_ValidRequest_DepositTrue_ReturnsCreated" storage="e:\kcpm\travel---homestay---camping---booking---application\ev-dealer-management\ev-dealer-management\salesservice.tests\bin\debug\net8.0\salesservice.tests.dll" id="71ebaacd-106f-69de-cecb-fad6b25ebca1">
      <Execution id="124a6caf-8dd7-43ad-a331-b7a2195cd7e6" />
      <TestMethod codeBase="E:\KCPM\Travel---Homestay---Camping---Booking---Application\ev-dealer-management\ev-dealer-management\SalesService.Tests\bin\Debug\net8.0\SalesService.Tests.dll" adapterTypeName="executor://xunit/VsTestRunner2/netcoreapp" className="SalesService.Tests.ContractsControllerTests" name="CreateContract_ValidRequest_DepositTrue_ReturnsCreated" />
    </UnitTest>
    <UnitTest name="SalesService.Tests.QuotesControllerTests.CreateQuote_InvalidModelState_ReturnsBadRequest" storage="e:\kcpm\travel---homestay---camping---booking---application\ev-dealer-management\ev-dealer-management\salesservice.tests\bin\debug\net8.0\salesservice.tests.dll" id="3495f506-7638-730f-3215-c7b3a015d33a">
      <Execution id="d3d7f61c-bbcc-455c-9f76-b79385f7b908" />
      <TestMethod codeBase="E:\KCPM\Travel---Homestay---Camping---Booking---Application\ev-dealer-management\ev-dealer-management\SalesService.Tests\bin\Debug\net8.0\SalesService.Tests.dll" adapterTypeName="executor://xunit/VsTestRunner2/netcoreapp" className="SalesService.Tests.QuotesControllerTests" name="CreateQuote_InvalidModelState_ReturnsBadRequest" />
    </UnitTest>
    <UnitTest name="SalesService.Tests.OrdersControllerTests.UpdateOrderStatus_OrderNotFound_ReturnsNotFound" storage="e:\kcpm\travel---homestay---camping---booking---application\ev-dealer-management\ev-dealer-management\salesservice.tests\bin\debug\net8.0\salesservice.tests.dll" id="4bf99022-3e59-bab7-f989-518d552c5188">
      <Execution id="b38f3a51-06a3-42c5-afe5-047e7b7db1a8" />
      <TestMethod codeBase="E:\KCPM\Travel---Homestay---Camping---Booking---Application\ev-dealer-management\ev-dealer-management\SalesService.Tests\bin\Debug\net8.0\SalesService.Tests.dll" adapterTypeName="executor://xunit/VsTestRunner2/netcoreapp" className="SalesService.Tests.OrdersControllerTests" name="UpdateOrderStatus_OrderNotFound_ReturnsNotFound" />
    </UnitTest>
    <UnitTest name="SalesService.Tests.OrdersControllerTests.CompleteOrder_ValidRequest_DiscountPercent_UpdatesQuote_ReturnsOk" storage="e:\kcpm\travel---homestay---camping---booking---application\ev-dealer-management\ev-dealer-management\salesservice.tests\bin\debug\net8.0\salesservice.tests.dll" id="be31442b-08e0-f58e-e75b-fdae2ce27f37">
      <Execution id="ea04981a-84dd-4edb-9285-7b67d748895b" />
      <TestMethod codeBase="E:\KCPM\Travel---Homestay---Camping---Booking---Application\ev-dealer-management\ev-dealer-management\SalesService.Tests\bin\Debug\net8.0\SalesService.Tests.dll" adapterTypeName="executor://xunit/VsTestRunner2/netcoreapp" className="SalesService.Tests.OrdersControllerTests" name="CompleteOrder_ValidRequest_DiscountPercent_UpdatesQuote_ReturnsOk" />
    </UnitTest>
    <UnitTest name="SalesService.Tests.OrdersControllerTests.CompleteOrder_TotalPriceZero_ReturnsBadRequest" storage="e:\kcpm\travel---homestay---camping---booking---application\ev-dealer-management\ev-dealer-management\salesservice.tests\bin\debug\net8.0\salesservice.tests.dll" id="9a8d5f6e-6466-d6e1-bdaf-bef54e0dae2d">
      <Execution id="a6e2980d-5deb-458b-b541-79200f6a181c" />
      <TestMethod codeBase="E:\KCPM\Travel---Homestay---Camping---Booking---Application\ev-dealer-management\ev-dealer-management\SalesService.Tests\bin\Debug\net8.0\SalesService.Tests.dll" adapterTypeName="executor://xunit/VsTestRunner2/netcoreapp" className="SalesService.Tests.OrdersControllerTests" name="CompleteOrder_TotalPriceZero_ReturnsBadRequest" />
    </UnitTest>
    <UnitTest name="SalesService.Tests.ContractsControllerTests.UpdateContractStatus_Approved_SetsOrderReadyForDelivery_ReturnsOk" storage="e:\kcpm\travel---homestay---camping---booking---application\ev-dealer-management\ev-dealer-management\salesservice.tests\bin\debug\net8.0\salesservice.tests.dll" id="6b028799-ed5f-5180-7042-7e6a381612d1">
      <Execution id="ebf26eab-f1d6-49bc-888a-16b50fc83d03" />
      <TestMethod codeBase="E:\KCPM\Travel---Homestay---Camping---Booking---Application\ev-dealer-management\ev-dealer-management\SalesService.Tests\bin\Debug\net8.0\SalesService.Tests.dll" adapterTypeName="executor://xunit/VsTestRunner2/netcoreapp" className="SalesService.Tests.ContractsControllerTests" name="UpdateContractStatus_Approved_SetsOrderReadyForDelivery_ReturnsOk" />
    </UnitTest>
    <UnitTest name="SalesService.Tests.QuotesControllerTests.CreateQuote_ValidDto_ReturnsCreated" storage="e:\kcpm\travel---homestay---camping---booking---application\ev-dealer-management\ev-dealer-management\salesservice.tests\bin\debug\net8.0\salesservice.tests.dll" id="80e1e150-4ce4-b83d-04f3-f5a63c2e72f2">
      <Execution id="9a3b58b4-869a-4081-9de0-a0da12f35344" />
      <TestMethod codeBase="E:\KCPM\Travel---Homestay---Camping---Booking---Application\ev-dealer-management\ev-dealer-management\SalesService.Tests\bin\Debug\net8.0\SalesService.Tests.dll" adapterTypeName="executor://xunit/VsTestRunner2/netcoreapp" className="SalesService.Tests.QuotesControllerTests" name="CreateQuote_ValidDto_ReturnsCreated" />
    </UnitTest>
    <UnitTest name="SalesService.Tests.ContractsControllerTests.CreateContract_InvalidSalespersonId_ReturnsBadRequest" storage="e:\kcpm\travel---homestay---camping---booking---application\ev-dealer-management\ev-dealer-management\salesservice.tests\bin\debug\net8.0\salesservice.tests.dll" id="c2d634cb-7c92-8403-a6cb-f05a7f52e4fa">
      <Execution id="37cdc09a-9376-48e4-87c8-8779d68f3c16" />
      <TestMethod codeBase="E:\KCPM\Travel---Homestay---Camping---Booking---Application\ev-dealer-management\ev-dealer-management\SalesService.Tests\bin\Debug\net8.0\SalesService.Tests.dll" adapterTypeName="executor://xunit/VsTestRunner2/netcoreapp" className="SalesService.Tests.ContractsControllerTests" name="CreateContract_InvalidSalespersonId_ReturnsBadRequest" />
    </UnitTest>
    <UnitTest name="SalesService.Tests.OrdersControllerTests.UpdateOrderStatus_ValidId_UpdatesStatus_ReturnsOk" storage="e:\kcpm\travel---homestay---camping---booking---application\ev-dealer-management\ev-dealer-management\salesservice.tests\bin\debug\net8.0\salesservice.tests.dll" id="b27cca86-2b97-6655-4466-e3d07230040f">
      <Execution id="a3b0551b-9001-4e49-8007-55af2c8ce64a" />
      <TestMethod codeBase="E:\KCPM\Travel---Homestay---Camping---Booking---Application\ev-dealer-management\ev-dealer-management\SalesService.Tests\bin\Debug\net8.0\SalesService.Tests.dll" adapterTypeName="executor://xunit/VsTestRunner2/netcoreapp" className="SalesService.Tests.OrdersControllerTests" name="UpdateOrderStatus_ValidId_UpdatesStatus_ReturnsOk" />
    </UnitTest>
    <UnitTest name="SalesService.Tests.OrdersControllerTests.CompleteOrder_MissingEmail_ReturnsBadRequest" storage="e:\kcpm\travel---homestay---camping---booking---application\ev-dealer-management\ev-dealer-management\salesservice.tests\bin\debug\net8.0\salesservice.tests.dll" id="b23fe4a5-4c45-bc22-616f-40597d70ea76">
      <Execution id="9fe730a4-35ff-4fea-86c7-0aa255f9ba02" />
      <TestMethod codeBase="E:\KCPM\Travel---Homestay---Camping---Booking---Application\ev-dealer-management\ev-dealer-management\SalesService.Tests\bin\Debug\net8.0\SalesService.Tests.dll" adapterTypeName="executor://xunit/VsTestRunner2/netcoreapp" className="SalesService.Tests.OrdersControllerTests" name="CompleteOrder_MissingEmail_ReturnsBadRequest" />
    </UnitTest>
    <UnitTest name="SalesService.Tests.ContractsControllerTests.CreateContract_InvalidModelState_ReturnsBadRequest" storage="e:\kcpm\travel---homestay---camping---booking---application\ev-dealer-management\ev-dealer-management\salesservice.tests\bin\debug\net8.0\salesservice.tests.dll" id="fe3d53ae-e72d-e1ea-6ffd-31efbe52d247">
      <Execution id="115672c4-7320-4ada-b03f-127049586627" />
      <TestMethod codeBase="E:\KCPM\Travel---Homestay---Camping---Booking---Application\ev-dealer-management\ev-dealer-management\SalesService.Tests\bin\Debug\net8.0\SalesService.Tests.dll" adapterTypeName="executor://xunit/VsTestRunner2/netcoreapp" className="SalesService.Tests.ContractsControllerTests" name="CreateContract_InvalidModelState_ReturnsBadRequest" />
    </UnitTest>
    <UnitTest name="SalesService.Tests.OrdersControllerTests.CompleteOrder_ValidRequest_DiscountAmount_ReturnsOk" storage="e:\kcpm\travel---homestay---camping---booking---application\ev-dealer-management\ev-dealer-management\salesservice.tests\bin\debug\net8.0\salesservice.tests.dll" id="6470fdd6-3b29-2605-288d-d98543cdc620">
      <Execution id="66d55b08-d938-46af-b124-e42c4ad6b360" />
      <TestMethod codeBase="E:\KCPM\Travel---Homestay---Camping---Booking---Application\ev-dealer-management\ev-dealer-management\SalesService.Tests\bin\Debug\net8.0\SalesService.Tests.dll" adapterTypeName="executor://xunit/VsTestRunner2/netcoreapp" className="SalesService.Tests.OrdersControllerTests" name="CompleteOrder_ValidRequest_DiscountAmount_ReturnsOk" />
    </UnitTest>
    <UnitTest name="SalesService.Tests.ContractsControllerTests.CreateContract_OrderNotFound_ReturnsNotFound" storage="e:\kcpm\travel---homestay---camping---booking---application\ev-dealer-management\ev-dealer-management\salesservice.tests\bin\debug\net8.0\salesservice.tests.dll" id="0bfec96d-8210-8239-125b-77df18e1068e">
      <Execution id="a15f809d-ecd8-4680-b2ce-0c9bc922031e" />
      <TestMethod codeBase="E:\KCPM\Travel---Homestay---Camping---Booking---Application\ev-dealer-management\ev-dealer-management\SalesService.Tests\bin\Debug\net8.0\SalesService.Tests.dll" adapterTypeName="executor://xunit/VsTestRunner2/netcoreapp" className="SalesService.Tests.ContractsControllerTests" name="CreateContract_OrderNotFound_ReturnsNotFound" />
    </UnitTest>
    <UnitTest name="SalesService.Tests.QuotesControllerTests.CreateQuote_DatabaseException_Returns500" storage="e:\kcpm\travel---homestay---camping---booking---application\ev-dealer-management\ev-dealer-management\salesservice.tests\bin\debug\net8.0\salesservice.tests.dll" id="1dab0b62-ee6d-827b-f3f4-dbcdac16c36d">
      <Execution id="4c481ec8-454d-42ed-a87e-14cceae951a2" />
      <TestMethod codeBase="E:\KCPM\Travel---Homestay---Camping---Booking---Application\ev-dealer-management\ev-dealer-management\SalesService.Tests\bin\Debug\net8.0\SalesService.Tests.dll" adapterTypeName="executor://xunit/VsTestRunner2/netcoreapp" className="SalesService.Tests.QuotesControllerTests" name="CreateQuote_DatabaseException_Returns500" />
    </UnitTest>
    <UnitTest name="SalesService.Tests.OrdersControllerTests.CompleteOrder_MissingName_ReturnsBadRequest" storage="e:\kcpm\travel---homestay---camping---booking---application\ev-dealer-management\ev-dealer-management\salesservice.tests\bin\debug\net8.0\salesservice.tests.dll" id="0e11e80c-51de-79f3-c855-f9c1107898e0">
      <Execution id="24e6b98d-c998-4506-a045-145c918ab5f2" />
      <TestMethod codeBase="E:\KCPM\Travel---Homestay---Camping---Booking---Application\ev-dealer-management\ev-dealer-management\SalesService.Tests\bin\Debug\net8.0\SalesService.Tests.dll" adapterTypeName="executor://xunit/VsTestRunner2/netcoreapp" className="SalesService.Tests.OrdersControllerTests" name="CompleteOrder_MissingName_ReturnsBadRequest" />
    </UnitTest>
    <UnitTest name="SalesService.Tests.ContractsControllerTests.UpdateContractStatus_OtherStatus_UpdatesBoth_ReturnsOk" storage="e:\kcpm\travel---homestay---camping---booking---application\ev-dealer-management\ev-dealer-management\salesservice.tests\bin\debug\net8.0\salesservice.tests.dll" id="95366a2d-900d-8601-dc83-c3a33190134a">
      <Execution id="7d9e7d3a-f6b3-4696-b4bf-f6fa05b9dc9d" />
      <TestMethod codeBase="E:\KCPM\Travel---Homestay---Camping---Booking---Application\ev-dealer-management\ev-dealer-management\SalesService.Tests\bin\Debug\net8.0\SalesService.Tests.dll" adapterTypeName="executor://xunit/VsTestRunner2/netcoreapp" className="SalesService.Tests.ContractsControllerTests" name="UpdateContractStatus_OtherStatus_UpdatesBoth_ReturnsOk" />
    </UnitTest>
    <UnitTest name="SalesService.Tests.ContractsControllerTests.UpdateContractStatus_ContractNotFound_ReturnsNotFound" storage="e:\kcpm\travel---homestay---camping---booking---application\ev-dealer-management\ev-dealer-management\salesservice.tests\bin\debug\net8.0\salesservice.tests.dll" id="e7542e75-80a2-60ec-b3b5-561bf086a17e">
      <Execution id="80ff464d-db25-46e7-8ee3-3380b6a987b9" />
      <TestMethod codeBase="E:\KCPM\Travel---Homestay---Camping---Booking---Application\ev-dealer-management\ev-dealer-management\SalesService.Tests\bin\Debug\net8.0\SalesService.Tests.dll" adapterTypeName="executor://xunit/VsTestRunner2/netcoreapp" className="SalesService.Tests.ContractsControllerTests" name="UpdateContractStatus_ContractNotFound_ReturnsNotFound" />
    </UnitTest>
    <UnitTest name="SalesService.Tests.UnitTest1.Test1" storage="e:\kcpm\travel---homestay---camping---booking---application\ev-dealer-management\ev-dealer-management\salesservice.tests\bin\debug\net8.0\salesservice.tests.dll" id="4e6d4a9b-1caf-f3fa-acfa-01d1487a0831">
      <Execution id="61a5b749-93fd-4aa8-baf8-09817d55b72f" />
      <TestMethod codeBase="E:\KCPM\Travel---Homestay---Camping---Booking---Application\ev-dealer-management\ev-dealer-management\SalesService.Tests\bin\Debug\net8.0\SalesService.Tests.dll" adapterTypeName="executor://xunit/VsTestRunner2/netcoreapp" className="SalesService.Tests.UnitTest1" name="Test1" />
    </UnitTest>
    <UnitTest name="SalesService.Tests.ContractsControllerTests.CreateContract_ContractAlreadyExists_ReturnsBadRequest" storage="e:\kcpm\travel---homestay---camping---booking---application\ev-dealer-management\ev-dealer-management\salesservice.tests\bin\debug\net8.0\salesservice.tests.dll" id="23723a29-8504-255f-6aa5-9e6e52e241ca">
      <Execution id="9ba153cd-ba9e-45d4-9c2b-8ec3960a14bb" />
      <TestMethod codeBase="E:\KCPM\Travel---Homestay---Camping---Booking---Application\ev-dealer-management\ev-dealer-management\SalesService.Tests\bin\Debug\net8.0\SalesService.Tests.dll" adapterTypeName="executor://xunit/VsTestRunner2/netcoreapp" className="SalesService.Tests.ContractsControllerTests" name="CreateContract_ContractAlreadyExists_ReturnsBadRequest" />
    </UnitTest>
    <UnitTest name="SalesService.Tests.ContractsControllerTests.UpdateContractStatus_Rejected_RemovesContractAndOrder_ReturnsOk" storage="e:\kcpm\travel---homestay---camping---booking---application\ev-dealer-management\ev-dealer-management\salesservice.tests\bin\debug\net8.0\salesservice.tests.dll" id="6d5f5e56-4c32-56a0-d759-e5d661036fe4">
      <Execution id="f475c3c6-8d79-40ec-b61b-9c66a1525a2b" />
      <TestMethod codeBase="E:\KCPM\Travel---Homestay---Camping---Booking---Application\ev-dealer-management\ev-dealer-management\SalesService.Tests\bin\Debug\net8.0\SalesService.Tests.dll" adapterTypeName="executor://xunit/VsTestRunner2/netcoreapp" className="SalesService.Tests.ContractsControllerTests" name="UpdateContractStatus_Rejected_RemovesContractAndOrder_ReturnsOk" />
    </UnitTest>
  </TestDefinitions>
  <TestEntries>
    <TestEntry testId="fe3d53ae-e72d-e1ea-6ffd-31efbe52d247" executionId="115672c4-7320-4ada-b03f-127049586627" testListId="8c84fa94-04c1-424b-9868-57a2d4851a1d" />
    <TestEntry testId="b23fe4a5-4c45-bc22-616f-40597d70ea76" executionId="9fe730a4-35ff-4fea-86c7-0aa255f9ba02" testListId="8c84fa94-04c1-424b-9868-57a2d4851a1d" />
    <TestEntry testId="23723a29-8504-255f-6aa5-9e6e52e241ca" executionId="9ba153cd-ba9e-45d4-9c2b-8ec3960a14bb" testListId="8c84fa94-04c1-424b-9868-57a2d4851a1d" />
    <TestEntry testId="95366a2d-900d-8601-dc83-c3a33190134a" executionId="7d9e7d3a-f6b3-4696-b4bf-f6fa05b9dc9d" testListId="8c84fa94-04c1-424b-9868-57a2d4851a1d" />
    <TestEntry testId="0e11e80c-51de-79f3-c855-f9c1107898e0" executionId="24e6b98d-c998-4506-a045-145c918ab5f2" testListId="8c84fa94-04c1-424b-9868-57a2d4851a1d" />
    <TestEntry testId="1dab0b62-ee6d-827b-f3f4-dbcdac16c36d" executionId="4c481ec8-454d-42ed-a87e-14cceae951a2" testListId="8c84fa94-04c1-424b-9868-57a2d4851a1d" />
    <TestEntry testId="4bf99022-3e59-bab7-f989-518d552c5188" executionId="b38f3a51-06a3-42c5-afe5-047e7b7db1a8" testListId="8c84fa94-04c1-424b-9868-57a2d4851a1d" />
    <TestEntry testId="c2d634cb-7c92-8403-a6cb-f05a7f52e4fa" executionId="37cdc09a-9376-48e4-87c8-8779d68f3c16" testListId="8c84fa94-04c1-424b-9868-57a2d4851a1d" />
    <TestEntry testId="0bfec96d-8210-8239-125b-77df18e1068e" executionId="a15f809d-ecd8-4680-b2ce-0c9bc922031e" testListId="8c84fa94-04c1-424b-9868-57a2d4851a1d" />
    <TestEntry testId="6d5f5e56-4c32-56a0-d759-e5d661036fe4" executionId="f475c3c6-8d79-40ec-b61b-9c66a1525a2b" testListId="8c84fa94-04c1-424b-9868-57a2d4851a1d" />
    <TestEntry testId="71ebaacd-106f-69de-cecb-fad6b25ebca1" executionId="124a6caf-8dd7-43ad-a331-b7a2195cd7e6" testListId="8c84fa94-04c1-424b-9868-57a2d4851a1d" />
    <TestEntry testId="9a8d5f6e-6466-d6e1-bdaf-bef54e0dae2d" executionId="a6e2980d-5deb-458b-b541-79200f6a181c" testListId="8c84fa94-04c1-424b-9868-57a2d4851a1d" />
    <TestEntry testId="e7542e75-80a2-60ec-b3b5-561bf086a17e" executionId="80ff464d-db25-46e7-8ee3-3380b6a987b9" testListId="8c84fa94-04c1-424b-9868-57a2d4851a1d" />
    <TestEntry testId="4e6d4a9b-1caf-f3fa-acfa-01d1487a0831" executionId="61a5b749-93fd-4aa8-baf8-09817d55b72f" testListId="8c84fa94-04c1-424b-9868-57a2d4851a1d" />
    <TestEntry testId="6470fdd6-3b29-2605-288d-d98543cdc620" executionId="66d55b08-d938-46af-b124-e42c4ad6b360" testListId="8c84fa94-04c1-424b-9868-57a2d4851a1d" />
    <TestEntry testId="be31442b-08e0-f58e-e75b-fdae2ce27f37" executionId="ea04981a-84dd-4edb-9285-7b67d748895b" testListId="8c84fa94-04c1-424b-9868-57a2d4851a1d" />
    <TestEntry testId="b27cca86-2b97-6655-4466-e3d07230040f" executionId="a3b0551b-9001-4e49-8007-55af2c8ce64a" testListId="8c84fa94-04c1-424b-9868-57a2d4851a1d" />
    <TestEntry testId="3495f506-7638-730f-3215-c7b3a015d33a" executionId="d3d7f61c-bbcc-455c-9f76-b79385f7b908" testListId="8c84fa94-04c1-424b-9868-57a2d4851a1d" />
    <TestEntry testId="6b028799-ed5f-5180-7042-7e6a381612d1" executionId="ebf26eab-f1d6-49bc-888a-16b50fc83d03" testListId="8c84fa94-04c1-424b-9868-57a2d4851a1d" />
    <TestEntry testId="80e1e150-4ce4-b83d-04f3-f5a63c2e72f2" executionId="9a3b58b4-869a-4081-9de0-a0da12f35344" testListId="8c84fa94-04c1-424b-9868-57a2d4851a1d" />
  </TestEntries>
  <TestLists>
    <TestList name="Results Not in a List" id="8c84fa94-04c1-424b-9868-57a2d4851a1d" />
    <TestList name="All Loaded Results" id="19431567-8539-422a-85d7-44ee4e166bda" />
  </TestLists>
  <ResultSummary outcome="Completed">
    <Counters total="20" executed="20" passed="20" failed="0" error="0" timeout="0" aborted="0" inconclusive="0" passedButRunAborted="0" notRunnable="0" notExecuted="0" disconnected="0" warning="0" completed="0" inProgress="0" pending="0" />
    <Output>
      <StdOut>[xUnit.net 00:00:00.00] xUnit.net VSTest Adapter v2.5.3.1+6b60a9e56a (64-bit .NET 8.0.27)&#xD;
[xUnit.net 00:00:00.08]   Discovering: SalesService.Tests&#xD;
[xUnit.net 00:00:00.11]   Discovered:  SalesService.Tests&#xD;
[xUnit.net 00:00:00.11]   Starting:    SalesService.Tests&#xD;
[xUnit.net 00:00:08.96]   Finished:    SalesService.Tests&#xD;
</StdOut>
    </Output>
    <CollectorDataEntries>
      <Collector agentName="MSI" uri="datacollector://microsoft/CoverletCodeCoverage/1.0" collectorDisplayName="XPlat code coverage">
        <UriAttachments>
          <UriAttachment>
            <A href="MSI\coverage.cobertura.xml"></A>
          </UriAttachment>
        </UriAttachments>
      </Collector>
    </CollectorDataEntries>
  </ResultSummary>
</TestRun>